<?xml version="1.0" encoding="UTF-8" ?>
<testsuite tests="7" failures="0" name="com.stackroute.keepnote.test.NoteControllerTest" time="0.6" errors="0" skipped="0">
  <properties>
    <property name="java.runtime.name" value="Java(TM) SE Runtime Environment"/>
    <property name="java.vm.version" value="11.0.4+10-LTS"/>
    <property name="sun.boot.library.path" value="/usr/lib/jvm/java-11-oracle/lib"/>
    <property name="maven.multiModuleProjectDirectory" value="/home/cgi/Desktop/StackRoute/Spring/KeepNote-Step2-Boilerplate"/>
    <property name="java.vm.vendor" value="Oracle Corporation"/>
    <property name="java.vendor.url" value="http://java.oracle.com/"/>
    <property name="guice.disable.misplaced.annotation.check" value="true"/>
    <property name="path.separator" value=":"/>
    <property name="java.vm.name" value="Java HotSpot(TM) 64-Bit Server VM"/>
    <property name="sun.os.patch.level" value="unknown"/>
    <property name="user.country" value="IN"/>
    <property name="sun.java.launcher" value="SUN_STANDARD"/>
    <property name="java.vm.specification.name" value="Java Virtual Machine Specification"/>
    <property name="user.dir" value="/home/cgi/Desktop/StackRoute/Spring/KeepNote-Step2-Boilerplate"/>
    <property name="java.vm.compressedOopsMode" value="32-bit"/>
    <property name="java.runtime.version" value="11.0.4+10-LTS"/>
    <property name="java.awt.graphicsenv" value="sun.awt.X11GraphicsEnvironment"/>
    <property name="os.arch" value="amd64"/>
    <property name="java.io.tmpdir" value="/tmp"/>
    <property name="line.separator" value="
"/>
    <property name="java.vm.specification.vendor" value="Oracle Corporation"/>
    <property name="os.name" value="Linux"/>
    <property name="maven.ext.class.path" value="/opt/idea/plugins/maven/lib/maven-event-listener.jar"/>
    <property name="classworlds.conf" value="/opt/idea/plugins/maven/lib/maven3/bin/m2.conf"/>
    <property name="sun.jnu.encoding" value="UTF-8"/>
    <property name="java.library.path" value="/usr/java/packages/lib:/usr/lib64:/lib64:/lib:/usr/lib"/>
    <property name="maven.conf" value="/opt/idea/plugins/maven/lib/maven3/conf"/>
    <property name="jdk.debug" value="release"/>
    <property name="java.class.version" value="55.0"/>
    <property name="java.specification.name" value="Java Platform API Specification"/>
    <property name="sun.management.compiler" value="HotSpot 64-Bit Tiered Compilers"/>
    <property name="os.version" value="5.0.0-29-generic"/>
    <property name="user.home" value="/home/cgi"/>
    <property name="user.timezone" value="Asia/Kolkata"/>
    <property name="java.awt.printerjob" value="sun.print.PSPrinterJob"/>
    <property name="file.encoding" value="UTF-8"/>
    <property name="java.specification.version" value="11"/>
    <property name="user.name" value="cgi"/>
    <property name="java.class.path" value="/opt/idea/plugins/maven/lib/maven3/boot/plexus-classworlds-2.6.0.jar"/>
    <property name="idea.version2019.2.2" value="true"/>
    <property name="java.vm.specification.version" value="11"/>
    <property name="sun.arch.data.model" value="64"/>
    <property name="sun.java.command" value="org.codehaus.classworlds.Launcher -Didea.version2019.2.2 package"/>
    <property name="java.home" value="/usr/lib/jvm/java-11-oracle"/>
    <property name="user.language" value="en"/>
    <property name="java.specification.vendor" value="Oracle Corporation"/>
    <property name="awt.toolkit" value="sun.awt.X11.XToolkit"/>
    <property name="java.vm.info" value="mixed mode"/>
    <property name="java.version" value="11.0.4"/>
    <property name="securerandom.source" value="file:/dev/./urandom"/>
    <property name="java.vendor" value="Oracle Corporation"/>
    <property name="maven.home" value="/opt/idea/plugins/maven/lib/maven3"/>
    <property name="file.separator" value="/"/>
    <property name="java.version.date" value="2019-07-16"/>
    <property name="java.vendor.url.bug" value="http://bugreport.java.com/bugreport/"/>
    <property name="sun.io.unicode.encoding" value="UnicodeLittle"/>
    <property name="sun.cpu.endian" value="little"/>
    <property name="java.vendor.version" value="18.9"/>
    <property name="sun.desktop" value="gnome"/>
    <property name="sun.cpu.isalist" value=""/>
  </properties>
  <testcase classname="com.stackroute.keepnote.test.NoteControllerTest" name="testDeleteNoteSuccess" time="0.514"/>
  <testcase classname="com.stackroute.keepnote.test.NoteControllerTest" name="testGetAllNotes" time="0.017"/>
  <testcase classname="com.stackroute.keepnote.test.NoteControllerTest" name="testMockCreation" time="0.011"/>
  <testcase classname="com.stackroute.keepnote.test.NoteControllerTest" name="testIndexPage" time="0.013"/>
  <testcase classname="com.stackroute.keepnote.test.NoteControllerTest" name="testAddNotesSuccess" time="0.014"/>
  <testcase classname="com.stackroute.keepnote.test.NoteControllerTest" name="testUpdateNoteSuccess" time="0.014"/>
  <testcase classname="com.stackroute.keepnote.test.NoteControllerTest" name="testAddnotesFailure" time="0.017"/>
</testsuite>